  源.cpp
c:\users\user\documents\visual studio 2015\projects\实验数据处理\实验数据处理\Grubbs.h(11): warning C4305: “初始化”: 从“double”到“float”截断
c:\users\user\documents\visual studio 2015\projects\实验数据处理\实验数据处理\Grubbs.h(12): warning C4305: “初始化”: 从“double”到“float”截断
c:\users\user\documents\visual studio 2015\projects\实验数据处理\实验数据处理\Grubbs.h(28): warning C4305: “return”: 从“double”到“float”截断
c:\users\user\documents\visual studio 2015\projects\实验数据处理\实验数据处理\Grubbs.h(30): warning C4305: “return”: 从“double”到“float”截断
c:\users\user\documents\visual studio 2015\projects\实验数据处理\实验数据处理\Grubbs.h(32): warning C4305: “return”: 从“double”到“float”截断
c:\users\user\documents\visual studio 2015\projects\实验数据处理\实验数据处理\Grubbs.h(34): warning C4305: “return”: 从“double”到“float”截断
c:\users\user\documents\visual studio 2015\projects\实验数据处理\实验数据处理\Grubbs.h(36): warning C4305: “return”: 从“double”到“float”截断
c:\users\user\documents\visual studio 2015\projects\实验数据处理\实验数据处理\Grubbs.h(38): warning C4305: “return”: 从“double”到“float”截断
c:\users\user\documents\visual studio 2015\projects\实验数据处理\实验数据处理\Grubbs.h(40): warning C4305: “return”: 从“double”到“float”截断
c:\users\user\documents\visual studio 2015\projects\实验数据处理\实验数据处理\Grubbs.h(42): warning C4305: “return”: 从“double”到“float”截断
c:\users\user\documents\visual studio 2015\projects\实验数据处理\实验数据处理\Grubbs.h(44): warning C4305: “return”: 从“double”到“float”截断
c:\users\user\documents\visual studio 2015\projects\实验数据处理\实验数据处理\Grubbs.h(50): warning C4305: “return”: 从“double”到“float”截断
c:\users\user\documents\visual studio 2015\projects\实验数据处理\实验数据处理\Grubbs.h(54): warning C4305: “return”: 从“double”到“float”截断
c:\users\user\documents\visual studio 2015\projects\实验数据处理\实验数据处理\Grubbs.h(56): warning C4305: “return”: 从“double”到“float”截断
c:\users\user\documents\visual studio 2015\projects\实验数据处理\实验数据处理\Grubbs.h(58): warning C4305: “return”: 从“double”到“float”截断
c:\users\user\documents\visual studio 2015\projects\实验数据处理\实验数据处理\Grubbs.h(60): warning C4305: “return”: 从“double”到“float”截断
c:\users\user\documents\visual studio 2015\projects\实验数据处理\实验数据处理\Grubbs.h(62): warning C4305: “return”: 从“double”到“float”截断
c:\users\user\documents\visual studio 2015\projects\实验数据处理\实验数据处理\Grubbs.h(64): warning C4305: “return”: 从“double”到“float”截断
c:\users\user\documents\visual studio 2015\projects\实验数据处理\实验数据处理\Grubbs.h(66): warning C4305: “return”: 从“double”到“float”截断
  正在生成代码
  4 of 18 functions (22.2%) were compiled, the rest were copied from previous compilation.
    0 functions were new in current compilation
    4 functions had inline decision re-evaluated but remain unchanged
  已完成代码的生成
  实验数据处理.vcxproj -> C:\Users\USer\Documents\Visual Studio 2015\Projects\实验数据处理\x64\Release\实验数据处理.exe
  实验数据处理.vcxproj -> C:\Users\USer\Documents\Visual Studio 2015\Projects\实验数据处理\x64\Release\实验数据处理.pdb (Full PDB)
