  源.cpp
c:\users\user\documents\visual studio 2015\projects\实验数据处理\实验数据处理\grubbs.h(11): warning C4305: “初始化”: 从“double”到“float”截断
c:\users\user\documents\visual studio 2015\projects\实验数据处理\实验数据处理\grubbs.h(12): warning C4305: “初始化”: 从“double”到“float”截断
c:\users\user\documents\visual studio 2015\projects\实验数据处理\实验数据处理\grubbs.h(28): warning C4305: “return”: 从“double”到“float”截断
c:\users\user\documents\visual studio 2015\projects\实验数据处理\实验数据处理\grubbs.h(30): warning C4305: “return”: 从“double”到“float”截断
c:\users\user\documents\visual studio 2015\projects\实验数据处理\实验数据处理\grubbs.h(32): warning C4305: “return”: 从“double”到“float”截断
c:\users\user\documents\visual studio 2015\projects\实验数据处理\实验数据处理\grubbs.h(34): warning C4305: “return”: 从“double”到“float”截断
c:\users\user\documents\visual studio 2015\projects\实验数据处理\实验数据处理\grubbs.h(36): warning C4305: “return”: 从“double”到“float”截断
c:\users\user\documents\visual studio 2015\projects\实验数据处理\实验数据处理\grubbs.h(38): warning C4305: “return”: 从“double”到“float”截断
c:\users\user\documents\visual studio 2015\projects\实验数据处理\实验数据处理\grubbs.h(40): warning C4305: “return”: 从“double”到“float”截断
c:\users\user\documents\visual studio 2015\projects\实验数据处理\实验数据处理\grubbs.h(42): warning C4305: “return”: 从“double”到“float”截断
c:\users\user\documents\visual studio 2015\projects\实验数据处理\实验数据处理\grubbs.h(44): warning C4305: “return”: 从“double”到“float”截断
c:\users\user\documents\visual studio 2015\projects\实验数据处理\实验数据处理\grubbs.h(50): warning C4305: “return”: 从“double”到“float”截断
c:\users\user\documents\visual studio 2015\projects\实验数据处理\实验数据处理\grubbs.h(54): warning C4305: “return”: 从“double”到“float”截断
c:\users\user\documents\visual studio 2015\projects\实验数据处理\实验数据处理\grubbs.h(56): warning C4305: “return”: 从“double”到“float”截断
c:\users\user\documents\visual studio 2015\projects\实验数据处理\实验数据处理\grubbs.h(58): warning C4305: “return”: 从“double”到“float”截断
c:\users\user\documents\visual studio 2015\projects\实验数据处理\实验数据处理\grubbs.h(60): warning C4305: “return”: 从“double”到“float”截断
c:\users\user\documents\visual studio 2015\projects\实验数据处理\实验数据处理\grubbs.h(62): warning C4305: “return”: 从“double”到“float”截断
c:\users\user\documents\visual studio 2015\projects\实验数据处理\实验数据处理\grubbs.h(64): warning C4305: “return”: 从“double”到“float”截断
c:\users\user\documents\visual studio 2015\projects\实验数据处理\实验数据处理\grubbs.h(66): warning C4305: “return”: 从“double”到“float”截断
  实验数据处理.vcxproj -> C:\Users\USer\Documents\Visual Studio 2015\Projects\实验数据处理\x64\Debug\实验数据处理.exe
  实验数据处理.vcxproj -> C:\Users\USer\Documents\Visual Studio 2015\Projects\实验数据处理\x64\Debug\实验数据处理.pdb (Full PDB)
